<?xml version="1.0" encoding="UTF-8"?>
<testng-results ignored="0" total="1" passed="1" failed="0" skipped="0">
  <reporter-output>
  </reporter-output>
  <suite started-at="2021-05-10T12:59:27 IST" name="Default suite" finished-at="2021-05-10T12:59:52 IST" duration-ms="25426">
    <groups>
    </groups>
    <test started-at="2021-05-10T12:59:27 IST" name="Default test" finished-at="2021-05-10T12:59:52 IST" duration-ms="25426">
      <class name="com.opencart.tests.LoginTest">
        <test-method is-config="true" signature="bTest()[pri:0, instance:com.opencart.tests.LoginTest@169e6180]" started-at="2021-05-10T12:59:27 IST" name="bTest" finished-at="2021-05-10T12:59:45 IST" duration-ms="18511" status="PASS">
          <reporter-output>
          </reporter-output>
        </test-method> <!-- bTest -->
        <test-method signature="loginAcnt()[pri:0, instance:com.opencart.tests.LoginTest@169e6180]" started-at="2021-05-10T12:59:45 IST" name="loginAcnt" finished-at="2021-05-10T12:59:52 IST" duration-ms="6791" status="PASS">
          <reporter-output>
          </reporter-output>
        </test-method> <!-- loginAcnt -->
        <test-method is-config="true" signature="aTest()[pri:0, instance:com.opencart.tests.LoginTest@169e6180]" started-at="2021-05-10T12:59:52 IST" name="aTest" finished-at="2021-05-10T12:59:52 IST" duration-ms="1" status="PASS">
          <reporter-output>
          </reporter-output>
        </test-method> <!-- aTest -->
      </class> <!-- com.opencart.tests.LoginTest -->
    </test> <!-- Default test -->
  </suite> <!-- Default suite -->
</testng-results>
